CRITICAL - 2025-11-14 07:57:34 --> ErrorException: include(template/header.php): Failed to open stream: No such file or directory
[Method: GET, Route: dashboard]
in APPPATH\Views\auth\dashboard.php on line 1.
 1 APPPATH\Views\auth\dashboard.php(1): CodeIgniter\Debug\Exceptions->errorHandler(2, 'include(template/header.php): Failed to open stream: No such file or directory', 'C:\\xampp\\htdocs\\ITE311-CASTRO\\app\\Views\\auth\\dashboard.php', 1)
 2 APPPATH\Views\auth\dashboard.php(1): include()
 3 SYSTEMPATH\View\View.php(226): include('C:\\xampp\\htdocs\\ITE311-CASTRO\\app\\Views\\auth\\dashboard.php')
 4 SYSTEMPATH\View\View.php(229): CodeIgniter\View\View->CodeIgniter\View\{closure}()
 5 SYSTEMPATH\Common.php(1167): CodeIgniter\View\View->render('auth/dashboard', [], true)
 6 APPPATH\Controllers\auth.php(100): view('auth/dashboard')
 7 SYSTEMPATH\CodeIgniter.php(933): App\Controllers\auth->dashboard()
 8 SYSTEMPATH\CodeIgniter.php(507): CodeIgniter\CodeIgniter->runController(Object(App\Controllers\auth))
 9 SYSTEMPATH\CodeIgniter.php(354): CodeIgniter\CodeIgniter->handleRequest(null, Object(Config\Cache), false)
10 SYSTEMPATH\Boot.php(363): CodeIgniter\CodeIgniter->run()
11 SYSTEMPATH\Boot.php(68): CodeIgniter\Boot::runCodeIgniter(Object(CodeIgniter\CodeIgniter))
12 FCPATH\index.php(59): CodeIgniter\Boot::bootWeb(Object(Config\Paths))
CRITICAL - 2025-11-14 07:57:41 --> ErrorException: include(template/header.php): Failed to open stream: No such file or directory
[Method: GET, Route: dashboard]
in APPPATH\Views\auth\dashboard.php on line 1.
 1 APPPATH\Views\auth\dashboard.php(1): CodeIgniter\Debug\Exceptions->errorHandler(2, 'include(template/header.php): Failed to open stream: No such file or directory', 'C:\\xampp\\htdocs\\ITE311-CASTRO\\app\\Views\\auth\\dashboard.php', 1)
 2 APPPATH\Views\auth\dashboard.php(1): include()
 3 SYSTEMPATH\View\View.php(226): include('C:\\xampp\\htdocs\\ITE311-CASTRO\\app\\Views\\auth\\dashboard.php')
 4 SYSTEMPATH\View\View.php(229): CodeIgniter\View\View->CodeIgniter\View\{closure}()
 5 SYSTEMPATH\Common.php(1167): CodeIgniter\View\View->render('auth/dashboard', [], true)
 6 APPPATH\Controllers\auth.php(100): view('auth/dashboard')
 7 SYSTEMPATH\CodeIgniter.php(933): App\Controllers\auth->dashboard()
 8 SYSTEMPATH\CodeIgniter.php(507): CodeIgniter\CodeIgniter->runController(Object(App\Controllers\auth))
 9 SYSTEMPATH\CodeIgniter.php(354): CodeIgniter\CodeIgniter->handleRequest(null, Object(Config\Cache), false)
10 SYSTEMPATH\Boot.php(363): CodeIgniter\CodeIgniter->run()
11 SYSTEMPATH\Boot.php(68): CodeIgniter\Boot::runCodeIgniter(Object(CodeIgniter\CodeIgniter))
12 FCPATH\index.php(59): CodeIgniter\Boot::bootWeb(Object(Config\Paths))
CRITICAL - 2025-11-14 07:57:46 --> ErrorException: include(template/header.php): Failed to open stream: No such file or directory
[Method: GET, Route: dashboard]
in APPPATH\Views\auth\dashboard.php on line 1.
 1 APPPATH\Views\auth\dashboard.php(1): CodeIgniter\Debug\Exceptions->errorHandler(2, 'include(template/header.php): Failed to open stream: No such file or directory', 'C:\\xampp\\htdocs\\ITE311-CASTRO\\app\\Views\\auth\\dashboard.php', 1)
 2 APPPATH\Views\auth\dashboard.php(1): include()
 3 SYSTEMPATH\View\View.php(226): include('C:\\xampp\\htdocs\\ITE311-CASTRO\\app\\Views\\auth\\dashboard.php')
 4 SYSTEMPATH\View\View.php(229): CodeIgniter\View\View->CodeIgniter\View\{closure}()
 5 SYSTEMPATH\Common.php(1167): CodeIgniter\View\View->render('auth/dashboard', [], true)
 6 APPPATH\Controllers\auth.php(100): view('auth/dashboard')
 7 SYSTEMPATH\CodeIgniter.php(933): App\Controllers\auth->dashboard()
 8 SYSTEMPATH\CodeIgniter.php(507): CodeIgniter\CodeIgniter->runController(Object(App\Controllers\auth))
 9 SYSTEMPATH\CodeIgniter.php(354): CodeIgniter\CodeIgniter->handleRequest(null, Object(Config\Cache), false)
10 SYSTEMPATH\Boot.php(363): CodeIgniter\CodeIgniter->run()
11 SYSTEMPATH\Boot.php(68): CodeIgniter\Boot::runCodeIgniter(Object(CodeIgniter\CodeIgniter))
12 FCPATH\index.php(59): CodeIgniter\Boot::bootWeb(Object(Config\Paths))
CRITICAL - 2025-11-14 07:59:42 --> ErrorException: include(template/header.php): Failed to open stream: No such file or directory
[Method: GET, Route: dashboard]
in APPPATH\Views\auth\dashboard.php on line 1.
 1 APPPATH\Views\auth\dashboard.php(1): CodeIgniter\Debug\Exceptions->errorHandler(2, 'include(template/header.php): Failed to open stream: No such file or directory', 'C:\\xampp\\htdocs\\ITE311-CASTRO\\app\\Views\\auth\\dashboard.php', 1)
 2 APPPATH\Views\auth\dashboard.php(1): include()
 3 SYSTEMPATH\View\View.php(226): include('C:\\xampp\\htdocs\\ITE311-CASTRO\\app\\Views\\auth\\dashboard.php')
 4 SYSTEMPATH\View\View.php(229): CodeIgniter\View\View->CodeIgniter\View\{closure}()
 5 SYSTEMPATH\Common.php(1167): CodeIgniter\View\View->render('auth/dashboard', [], true)
 6 APPPATH\Controllers\auth.php(100): view('auth/dashboard')
 7 SYSTEMPATH\CodeIgniter.php(933): App\Controllers\auth->dashboard()
 8 SYSTEMPATH\CodeIgniter.php(507): CodeIgniter\CodeIgniter->runController(Object(App\Controllers\auth))
 9 SYSTEMPATH\CodeIgniter.php(354): CodeIgniter\CodeIgniter->handleRequest(null, Object(Config\Cache), false)
10 SYSTEMPATH\Boot.php(363): CodeIgniter\CodeIgniter->run()
11 SYSTEMPATH\Boot.php(68): CodeIgniter\Boot::runCodeIgniter(Object(CodeIgniter\CodeIgniter))
12 FCPATH\index.php(59): CodeIgniter\Boot::bootWeb(Object(Config\Paths))
CRITICAL - 2025-11-14 07:59:43 --> ErrorException: include(template/header.php): Failed to open stream: No such file or directory
[Method: GET, Route: dashboard]
in APPPATH\Views\auth\dashboard.php on line 1.
 1 APPPATH\Views\auth\dashboard.php(1): CodeIgniter\Debug\Exceptions->errorHandler(2, 'include(template/header.php): Failed to open stream: No such file or directory', 'C:\\xampp\\htdocs\\ITE311-CASTRO\\app\\Views\\auth\\dashboard.php', 1)
 2 APPPATH\Views\auth\dashboard.php(1): include()
 3 SYSTEMPATH\View\View.php(226): include('C:\\xampp\\htdocs\\ITE311-CASTRO\\app\\Views\\auth\\dashboard.php')
 4 SYSTEMPATH\View\View.php(229): CodeIgniter\View\View->CodeIgniter\View\{closure}()
 5 SYSTEMPATH\Common.php(1167): CodeIgniter\View\View->render('auth/dashboard', [], true)
 6 APPPATH\Controllers\auth.php(100): view('auth/dashboard')
 7 SYSTEMPATH\CodeIgniter.php(933): App\Controllers\auth->dashboard()
 8 SYSTEMPATH\CodeIgniter.php(507): CodeIgniter\CodeIgniter->runController(Object(App\Controllers\auth))
 9 SYSTEMPATH\CodeIgniter.php(354): CodeIgniter\CodeIgniter->handleRequest(null, Object(Config\Cache), false)
10 SYSTEMPATH\Boot.php(363): CodeIgniter\CodeIgniter->run()
11 SYSTEMPATH\Boot.php(68): CodeIgniter\Boot::runCodeIgniter(Object(CodeIgniter\CodeIgniter))
12 FCPATH\index.php(59): CodeIgniter\Boot::bootWeb(Object(Config\Paths))
CRITICAL - 2025-11-14 07:59:55 --> ErrorException: include(template/header.php): Failed to open stream: No such file or directory
[Method: GET, Route: dashboard]
in APPPATH\Views\auth\dashboard.php on line 1.
 1 APPPATH\Views\auth\dashboard.php(1): CodeIgniter\Debug\Exceptions->errorHandler(2, 'include(template/header.php): Failed to open stream: No such file or directory', 'C:\\xampp\\htdocs\\ITE311-CASTRO\\app\\Views\\auth\\dashboard.php', 1)
 2 APPPATH\Views\auth\dashboard.php(1): include()
 3 SYSTEMPATH\View\View.php(226): include('C:\\xampp\\htdocs\\ITE311-CASTRO\\app\\Views\\auth\\dashboard.php')
 4 SYSTEMPATH\View\View.php(229): CodeIgniter\View\View->CodeIgniter\View\{closure}()
 5 SYSTEMPATH\Common.php(1167): CodeIgniter\View\View->render('auth/dashboard', [], true)
 6 APPPATH\Controllers\auth.php(100): view('auth/dashboard')
 7 SYSTEMPATH\CodeIgniter.php(933): App\Controllers\auth->dashboard()
 8 SYSTEMPATH\CodeIgniter.php(507): CodeIgniter\CodeIgniter->runController(Object(App\Controllers\auth))
 9 SYSTEMPATH\CodeIgniter.php(354): CodeIgniter\CodeIgniter->handleRequest(null, Object(Config\Cache), false)
10 SYSTEMPATH\Boot.php(363): CodeIgniter\CodeIgniter->run()
11 SYSTEMPATH\Boot.php(68): CodeIgniter\Boot::runCodeIgniter(Object(CodeIgniter\CodeIgniter))
12 FCPATH\index.php(59): CodeIgniter\Boot::bootWeb(Object(Config\Paths))
CRITICAL - 2025-11-14 07:59:56 --> ErrorException: include(template/header.php): Failed to open stream: No such file or directory
[Method: GET, Route: dashboard]
in APPPATH\Views\auth\dashboard.php on line 1.
 1 APPPATH\Views\auth\dashboard.php(1): CodeIgniter\Debug\Exceptions->errorHandler(2, 'include(template/header.php): Failed to open stream: No such file or directory', 'C:\\xampp\\htdocs\\ITE311-CASTRO\\app\\Views\\auth\\dashboard.php', 1)
 2 APPPATH\Views\auth\dashboard.php(1): include()
 3 SYSTEMPATH\View\View.php(226): include('C:\\xampp\\htdocs\\ITE311-CASTRO\\app\\Views\\auth\\dashboard.php')
 4 SYSTEMPATH\View\View.php(229): CodeIgniter\View\View->CodeIgniter\View\{closure}()
 5 SYSTEMPATH\Common.php(1167): CodeIgniter\View\View->render('auth/dashboard', [], true)
 6 APPPATH\Controllers\auth.php(100): view('auth/dashboard')
 7 SYSTEMPATH\CodeIgniter.php(933): App\Controllers\auth->dashboard()
 8 SYSTEMPATH\CodeIgniter.php(507): CodeIgniter\CodeIgniter->runController(Object(App\Controllers\auth))
 9 SYSTEMPATH\CodeIgniter.php(354): CodeIgniter\CodeIgniter->handleRequest(null, Object(Config\Cache), false)
10 SYSTEMPATH\Boot.php(363): CodeIgniter\CodeIgniter->run()
11 SYSTEMPATH\Boot.php(68): CodeIgniter\Boot::runCodeIgniter(Object(CodeIgniter\CodeIgniter))
12 FCPATH\index.php(59): CodeIgniter\Boot::bootWeb(Object(Config\Paths))
CRITICAL - 2025-11-14 07:59:56 --> ErrorException: include(template/header.php): Failed to open stream: No such file or directory
[Method: GET, Route: dashboard]
in APPPATH\Views\auth\dashboard.php on line 1.
 1 APPPATH\Views\auth\dashboard.php(1): CodeIgniter\Debug\Exceptions->errorHandler(2, 'include(template/header.php): Failed to open stream: No such file or directory', 'C:\\xampp\\htdocs\\ITE311-CASTRO\\app\\Views\\auth\\dashboard.php', 1)
 2 APPPATH\Views\auth\dashboard.php(1): include()
 3 SYSTEMPATH\View\View.php(226): include('C:\\xampp\\htdocs\\ITE311-CASTRO\\app\\Views\\auth\\dashboard.php')
 4 SYSTEMPATH\View\View.php(229): CodeIgniter\View\View->CodeIgniter\View\{closure}()
 5 SYSTEMPATH\Common.php(1167): CodeIgniter\View\View->render('auth/dashboard', [], true)
 6 APPPATH\Controllers\auth.php(100): view('auth/dashboard')
 7 SYSTEMPATH\CodeIgniter.php(933): App\Controllers\auth->dashboard()
 8 SYSTEMPATH\CodeIgniter.php(507): CodeIgniter\CodeIgniter->runController(Object(App\Controllers\auth))
 9 SYSTEMPATH\CodeIgniter.php(354): CodeIgniter\CodeIgniter->handleRequest(null, Object(Config\Cache), false)
10 SYSTEMPATH\Boot.php(363): CodeIgniter\CodeIgniter->run()
11 SYSTEMPATH\Boot.php(68): CodeIgniter\Boot::runCodeIgniter(Object(CodeIgniter\CodeIgniter))
12 FCPATH\index.php(59): CodeIgniter\Boot::bootWeb(Object(Config\Paths))
CRITICAL - 2025-11-14 07:59:56 --> ErrorException: include(template/header.php): Failed to open stream: No such file or directory
[Method: GET, Route: dashboard]
in APPPATH\Views\auth\dashboard.php on line 1.
 1 APPPATH\Views\auth\dashboard.php(1): CodeIgniter\Debug\Exceptions->errorHandler(2, 'include(template/header.php): Failed to open stream: No such file or directory', 'C:\\xampp\\htdocs\\ITE311-CASTRO\\app\\Views\\auth\\dashboard.php', 1)
 2 APPPATH\Views\auth\dashboard.php(1): include()
 3 SYSTEMPATH\View\View.php(226): include('C:\\xampp\\htdocs\\ITE311-CASTRO\\app\\Views\\auth\\dashboard.php')
 4 SYSTEMPATH\View\View.php(229): CodeIgniter\View\View->CodeIgniter\View\{closure}()
 5 SYSTEMPATH\Common.php(1167): CodeIgniter\View\View->render('auth/dashboard', [], true)
 6 APPPATH\Controllers\auth.php(100): view('auth/dashboard')
 7 SYSTEMPATH\CodeIgniter.php(933): App\Controllers\auth->dashboard()
 8 SYSTEMPATH\CodeIgniter.php(507): CodeIgniter\CodeIgniter->runController(Object(App\Controllers\auth))
 9 SYSTEMPATH\CodeIgniter.php(354): CodeIgniter\CodeIgniter->handleRequest(null, Object(Config\Cache), false)
10 SYSTEMPATH\Boot.php(363): CodeIgniter\CodeIgniter->run()
11 SYSTEMPATH\Boot.php(68): CodeIgniter\Boot::runCodeIgniter(Object(CodeIgniter\CodeIgniter))
12 FCPATH\index.php(59): CodeIgniter\Boot::bootWeb(Object(Config\Paths))
CRITICAL - 2025-11-14 07:59:57 --> ErrorException: include(template/header.php): Failed to open stream: No such file or directory
[Method: GET, Route: dashboard]
in APPPATH\Views\auth\dashboard.php on line 1.
 1 APPPATH\Views\auth\dashboard.php(1): CodeIgniter\Debug\Exceptions->errorHandler(2, 'include(template/header.php): Failed to open stream: No such file or directory', 'C:\\xampp\\htdocs\\ITE311-CASTRO\\app\\Views\\auth\\dashboard.php', 1)
 2 APPPATH\Views\auth\dashboard.php(1): include()
 3 SYSTEMPATH\View\View.php(226): include('C:\\xampp\\htdocs\\ITE311-CASTRO\\app\\Views\\auth\\dashboard.php')
 4 SYSTEMPATH\View\View.php(229): CodeIgniter\View\View->CodeIgniter\View\{closure}()
 5 SYSTEMPATH\Common.php(1167): CodeIgniter\View\View->render('auth/dashboard', [], true)
 6 APPPATH\Controllers\auth.php(100): view('auth/dashboard')
 7 SYSTEMPATH\CodeIgniter.php(933): App\Controllers\auth->dashboard()
 8 SYSTEMPATH\CodeIgniter.php(507): CodeIgniter\CodeIgniter->runController(Object(App\Controllers\auth))
 9 SYSTEMPATH\CodeIgniter.php(354): CodeIgniter\CodeIgniter->handleRequest(null, Object(Config\Cache), false)
10 SYSTEMPATH\Boot.php(363): CodeIgniter\CodeIgniter->run()
11 SYSTEMPATH\Boot.php(68): CodeIgniter\Boot::runCodeIgniter(Object(CodeIgniter\CodeIgniter))
12 FCPATH\index.php(59): CodeIgniter\Boot::bootWeb(Object(Config\Paths))
CRITICAL - 2025-11-14 07:59:57 --> ErrorException: include(template/header.php): Failed to open stream: No such file or directory
[Method: GET, Route: dashboard]
in APPPATH\Views\auth\dashboard.php on line 1.
 1 APPPATH\Views\auth\dashboard.php(1): CodeIgniter\Debug\Exceptions->errorHandler(2, 'include(template/header.php): Failed to open stream: No such file or directory', 'C:\\xampp\\htdocs\\ITE311-CASTRO\\app\\Views\\auth\\dashboard.php', 1)
 2 APPPATH\Views\auth\dashboard.php(1): include()
 3 SYSTEMPATH\View\View.php(226): include('C:\\xampp\\htdocs\\ITE311-CASTRO\\app\\Views\\auth\\dashboard.php')
 4 SYSTEMPATH\View\View.php(229): CodeIgniter\View\View->CodeIgniter\View\{closure}()
 5 SYSTEMPATH\Common.php(1167): CodeIgniter\View\View->render('auth/dashboard', [], true)
 6 APPPATH\Controllers\auth.php(100): view('auth/dashboard')
 7 SYSTEMPATH\CodeIgniter.php(933): App\Controllers\auth->dashboard()
 8 SYSTEMPATH\CodeIgniter.php(507): CodeIgniter\CodeIgniter->runController(Object(App\Controllers\auth))
 9 SYSTEMPATH\CodeIgniter.php(354): CodeIgniter\CodeIgniter->handleRequest(null, Object(Config\Cache), false)
10 SYSTEMPATH\Boot.php(363): CodeIgniter\CodeIgniter->run()
11 SYSTEMPATH\Boot.php(68): CodeIgniter\Boot::runCodeIgniter(Object(CodeIgniter\CodeIgniter))
12 FCPATH\index.php(59): CodeIgniter\Boot::bootWeb(Object(Config\Paths))
CRITICAL - 2025-11-14 08:01:00 --> ErrorException: include(template/header.php): Failed to open stream: No such file or directory
[Method: GET, Route: dashboard]
in APPPATH\Views\auth\dashboard.php on line 1.
 1 APPPATH\Views\auth\dashboard.php(1): CodeIgniter\Debug\Exceptions->errorHandler(2, 'include(template/header.php): Failed to open stream: No such file or directory', 'C:\\xampp\\htdocs\\ITE311-CASTRO\\app\\Views\\auth\\dashboard.php', 1)
 2 APPPATH\Views\auth\dashboard.php(1): include()
 3 SYSTEMPATH\View\View.php(226): include('C:\\xampp\\htdocs\\ITE311-CASTRO\\app\\Views\\auth\\dashboard.php')
 4 SYSTEMPATH\View\View.php(229): CodeIgniter\View\View->CodeIgniter\View\{closure}()
 5 SYSTEMPATH\Common.php(1167): CodeIgniter\View\View->render('auth/dashboard', [], true)
 6 APPPATH\Controllers\auth.php(100): view('auth/dashboard')
 7 SYSTEMPATH\CodeIgniter.php(933): App\Controllers\auth->dashboard()
 8 SYSTEMPATH\CodeIgniter.php(507): CodeIgniter\CodeIgniter->runController(Object(App\Controllers\auth))
 9 SYSTEMPATH\CodeIgniter.php(354): CodeIgniter\CodeIgniter->handleRequest(null, Object(Config\Cache), false)
10 SYSTEMPATH\Boot.php(363): CodeIgniter\CodeIgniter->run()
11 SYSTEMPATH\Boot.php(68): CodeIgniter\Boot::runCodeIgniter(Object(CodeIgniter\CodeIgniter))
12 FCPATH\index.php(59): CodeIgniter\Boot::bootWeb(Object(Config\Paths))
CRITICAL - 2025-11-14 08:01:20 --> ErrorException: include(template/header.php): Failed to open stream: No such file or directory
[Method: GET, Route: dashboard]
in APPPATH\Views\auth\dashboard.php on line 1.
 1 APPPATH\Views\auth\dashboard.php(1): CodeIgniter\Debug\Exceptions->errorHandler(2, 'include(template/header.php): Failed to open stream: No such file or directory', 'C:\\xampp\\htdocs\\ITE311-CASTRO\\app\\Views\\auth\\dashboard.php', 1)
 2 APPPATH\Views\auth\dashboard.php(1): include()
 3 SYSTEMPATH\View\View.php(226): include('C:\\xampp\\htdocs\\ITE311-CASTRO\\app\\Views\\auth\\dashboard.php')
 4 SYSTEMPATH\View\View.php(229): CodeIgniter\View\View->CodeIgniter\View\{closure}()
 5 SYSTEMPATH\Common.php(1167): CodeIgniter\View\View->render('auth/dashboard', [], true)
 6 APPPATH\Controllers\auth.php(100): view('auth/dashboard')
 7 SYSTEMPATH\CodeIgniter.php(933): App\Controllers\auth->dashboard()
 8 SYSTEMPATH\CodeIgniter.php(507): CodeIgniter\CodeIgniter->runController(Object(App\Controllers\auth))
 9 SYSTEMPATH\CodeIgniter.php(354): CodeIgniter\CodeIgniter->handleRequest(null, Object(Config\Cache), false)
10 SYSTEMPATH\Boot.php(363): CodeIgniter\CodeIgniter->run()
11 SYSTEMPATH\Boot.php(68): CodeIgniter\Boot::runCodeIgniter(Object(CodeIgniter\CodeIgniter))
12 FCPATH\index.php(59): CodeIgniter\Boot::bootWeb(Object(Config\Paths))
CRITICAL - 2025-11-14 08:05:07 --> ErrorException: include(template/header.php): Failed to open stream: No such file or directory
[Method: GET, Route: dashboard]
in APPPATH\Views\auth\dashboard.php on line 1.
 1 APPPATH\Views\auth\dashboard.php(1): CodeIgniter\Debug\Exceptions->errorHandler(2, 'include(template/header.php): Failed to open stream: No such file or directory', 'C:\\xampp\\htdocs\\ITE311-CASTRO\\app\\Views\\auth\\dashboard.php', 1)
 2 APPPATH\Views\auth\dashboard.php(1): include()
 3 SYSTEMPATH\View\View.php(226): include('C:\\xampp\\htdocs\\ITE311-CASTRO\\app\\Views\\auth\\dashboard.php')
 4 SYSTEMPATH\View\View.php(229): CodeIgniter\View\View->CodeIgniter\View\{closure}()
 5 SYSTEMPATH\Common.php(1167): CodeIgniter\View\View->render('auth/dashboard', [], true)
 6 APPPATH\Controllers\auth.php(100): view('auth/dashboard')
 7 SYSTEMPATH\CodeIgniter.php(933): App\Controllers\auth->dashboard()
 8 SYSTEMPATH\CodeIgniter.php(507): CodeIgniter\CodeIgniter->runController(Object(App\Controllers\auth))
 9 SYSTEMPATH\CodeIgniter.php(354): CodeIgniter\CodeIgniter->handleRequest(null, Object(Config\Cache), false)
10 SYSTEMPATH\Boot.php(363): CodeIgniter\CodeIgniter->run()
11 SYSTEMPATH\Boot.php(68): CodeIgniter\Boot::runCodeIgniter(Object(CodeIgniter\CodeIgniter))
12 FCPATH\index.php(59): CodeIgniter\Boot::bootWeb(Object(Config\Paths))
CRITICAL - 2025-11-14 08:05:08 --> ErrorException: include(template/header.php): Failed to open stream: No such file or directory
[Method: GET, Route: dashboard]
in APPPATH\Views\auth\dashboard.php on line 1.
 1 APPPATH\Views\auth\dashboard.php(1): CodeIgniter\Debug\Exceptions->errorHandler(2, 'include(template/header.php): Failed to open stream: No such file or directory', 'C:\\xampp\\htdocs\\ITE311-CASTRO\\app\\Views\\auth\\dashboard.php', 1)
 2 APPPATH\Views\auth\dashboard.php(1): include()
 3 SYSTEMPATH\View\View.php(226): include('C:\\xampp\\htdocs\\ITE311-CASTRO\\app\\Views\\auth\\dashboard.php')
 4 SYSTEMPATH\View\View.php(229): CodeIgniter\View\View->CodeIgniter\View\{closure}()
 5 SYSTEMPATH\Common.php(1167): CodeIgniter\View\View->render('auth/dashboard', [], true)
 6 APPPATH\Controllers\auth.php(100): view('auth/dashboard')
 7 SYSTEMPATH\CodeIgniter.php(933): App\Controllers\auth->dashboard()
 8 SYSTEMPATH\CodeIgniter.php(507): CodeIgniter\CodeIgniter->runController(Object(App\Controllers\auth))
 9 SYSTEMPATH\CodeIgniter.php(354): CodeIgniter\CodeIgniter->handleRequest(null, Object(Config\Cache), false)
10 SYSTEMPATH\Boot.php(363): CodeIgniter\CodeIgniter->run()
11 SYSTEMPATH\Boot.php(68): CodeIgniter\Boot::runCodeIgniter(Object(CodeIgniter\CodeIgniter))
12 FCPATH\index.php(59): CodeIgniter\Boot::bootWeb(Object(Config\Paths))
CRITICAL - 2025-11-14 08:05:08 --> ErrorException: include(template/header.php): Failed to open stream: No such file or directory
[Method: GET, Route: dashboard]
in APPPATH\Views\auth\dashboard.php on line 1.
 1 APPPATH\Views\auth\dashboard.php(1): CodeIgniter\Debug\Exceptions->errorHandler(2, 'include(template/header.php): Failed to open stream: No such file or directory', 'C:\\xampp\\htdocs\\ITE311-CASTRO\\app\\Views\\auth\\dashboard.php', 1)
 2 APPPATH\Views\auth\dashboard.php(1): include()
 3 SYSTEMPATH\View\View.php(226): include('C:\\xampp\\htdocs\\ITE311-CASTRO\\app\\Views\\auth\\dashboard.php')
 4 SYSTEMPATH\View\View.php(229): CodeIgniter\View\View->CodeIgniter\View\{closure}()
 5 SYSTEMPATH\Common.php(1167): CodeIgniter\View\View->render('auth/dashboard', [], true)
 6 APPPATH\Controllers\auth.php(100): view('auth/dashboard')
 7 SYSTEMPATH\CodeIgniter.php(933): App\Controllers\auth->dashboard()
 8 SYSTEMPATH\CodeIgniter.php(507): CodeIgniter\CodeIgniter->runController(Object(App\Controllers\auth))
 9 SYSTEMPATH\CodeIgniter.php(354): CodeIgniter\CodeIgniter->handleRequest(null, Object(Config\Cache), false)
10 SYSTEMPATH\Boot.php(363): CodeIgniter\CodeIgniter->run()
11 SYSTEMPATH\Boot.php(68): CodeIgniter\Boot::runCodeIgniter(Object(CodeIgniter\CodeIgniter))
12 FCPATH\index.php(59): CodeIgniter\Boot::bootWeb(Object(Config\Paths))
CRITICAL - 2025-11-14 08:05:08 --> ErrorException: include(template/header.php): Failed to open stream: No such file or directory
[Method: GET, Route: dashboard]
in APPPATH\Views\auth\dashboard.php on line 1.
 1 APPPATH\Views\auth\dashboard.php(1): CodeIgniter\Debug\Exceptions->errorHandler(2, 'include(template/header.php): Failed to open stream: No such file or directory', 'C:\\xampp\\htdocs\\ITE311-CASTRO\\app\\Views\\auth\\dashboard.php', 1)
 2 APPPATH\Views\auth\dashboard.php(1): include()
 3 SYSTEMPATH\View\View.php(226): include('C:\\xampp\\htdocs\\ITE311-CASTRO\\app\\Views\\auth\\dashboard.php')
 4 SYSTEMPATH\View\View.php(229): CodeIgniter\View\View->CodeIgniter\View\{closure}()
 5 SYSTEMPATH\Common.php(1167): CodeIgniter\View\View->render('auth/dashboard', [], true)
 6 APPPATH\Controllers\auth.php(100): view('auth/dashboard')
 7 SYSTEMPATH\CodeIgniter.php(933): App\Controllers\auth->dashboard()
 8 SYSTEMPATH\CodeIgniter.php(507): CodeIgniter\CodeIgniter->runController(Object(App\Controllers\auth))
 9 SYSTEMPATH\CodeIgniter.php(354): CodeIgniter\CodeIgniter->handleRequest(null, Object(Config\Cache), false)
10 SYSTEMPATH\Boot.php(363): CodeIgniter\CodeIgniter->run()
11 SYSTEMPATH\Boot.php(68): CodeIgniter\Boot::runCodeIgniter(Object(CodeIgniter\CodeIgniter))
12 FCPATH\index.php(59): CodeIgniter\Boot::bootWeb(Object(Config\Paths))
CRITICAL - 2025-11-14 08:49:33 --> CodeIgniter\View\Exceptions\ViewException: Invalid file: "register.php"
[Method: POST, Route: register]
in SYSTEMPATH\Exceptions\FrameworkException.php on line 39.
 1 SYSTEMPATH\View\View.php(214): CodeIgniter\Exceptions\FrameworkException::forInvalidFile('register.php')
 2 SYSTEMPATH\Common.php(1167): CodeIgniter\View\View->render('register', [], true)
 3 APPPATH\Controllers\auth.php(99): view('register', [...])
 4 SYSTEMPATH\CodeIgniter.php(933): App\Controllers\auth->register()
 5 SYSTEMPATH\CodeIgniter.php(507): CodeIgniter\CodeIgniter->runController(Object(App\Controllers\auth))
 6 SYSTEMPATH\CodeIgniter.php(354): CodeIgniter\CodeIgniter->handleRequest(null, Object(Config\Cache), false)
 7 SYSTEMPATH\Boot.php(363): CodeIgniter\CodeIgniter->run()
 8 SYSTEMPATH\Boot.php(68): CodeIgniter\Boot::runCodeIgniter(Object(CodeIgniter\CodeIgniter))
 9 FCPATH\index.php(59): CodeIgniter\Boot::bootWeb(Object(Config\Paths))
CRITICAL - 2025-11-14 08:51:59 --> CodeIgniter\View\Exceptions\ViewException: Invalid file: "register.php"
[Method: POST, Route: register]
in SYSTEMPATH\Exceptions\FrameworkException.php on line 39.
 1 SYSTEMPATH\View\View.php(214): CodeIgniter\Exceptions\FrameworkException::forInvalidFile('register.php')
 2 SYSTEMPATH\Common.php(1167): CodeIgniter\View\View->render('register', [], true)
 3 APPPATH\Controllers\auth.php(99): view('register', [...])
 4 SYSTEMPATH\CodeIgniter.php(933): App\Controllers\auth->register()
 5 SYSTEMPATH\CodeIgniter.php(507): CodeIgniter\CodeIgniter->runController(Object(App\Controllers\auth))
 6 SYSTEMPATH\CodeIgniter.php(354): CodeIgniter\CodeIgniter->handleRequest(null, Object(Config\Cache), false)
 7 SYSTEMPATH\Boot.php(363): CodeIgniter\CodeIgniter->run()
 8 SYSTEMPATH\Boot.php(68): CodeIgniter\Boot::runCodeIgniter(Object(CodeIgniter\CodeIgniter))
 9 FCPATH\index.php(59): CodeIgniter\Boot::bootWeb(Object(Config\Paths))
CRITICAL - 2025-11-14 08:53:29 --> CodeIgniter\View\Exceptions\ViewException: Invalid file: "login.php"
[Method: POST, Route: login]
in SYSTEMPATH\Exceptions\FrameworkException.php on line 39.
 1 SYSTEMPATH\View\View.php(214): CodeIgniter\Exceptions\FrameworkException::forInvalidFile('login.php')
 2 SYSTEMPATH\Common.php(1167): CodeIgniter\View\View->render('login', [], true)
 3 APPPATH\Controllers\auth.php(33): view('login', [...])
 4 SYSTEMPATH\CodeIgniter.php(933): App\Controllers\auth->login()
 5 SYSTEMPATH\CodeIgniter.php(507): CodeIgniter\CodeIgniter->runController(Object(App\Controllers\auth))
 6 SYSTEMPATH\CodeIgniter.php(354): CodeIgniter\CodeIgniter->handleRequest(null, Object(Config\Cache), false)
 7 SYSTEMPATH\Boot.php(363): CodeIgniter\CodeIgniter->run()
 8 SYSTEMPATH\Boot.php(68): CodeIgniter\Boot::runCodeIgniter(Object(CodeIgniter\CodeIgniter))
 9 FCPATH\index.php(59): CodeIgniter\Boot::bootWeb(Object(Config\Paths))
CRITICAL - 2025-11-14 08:54:16 --> CodeIgniter\View\Exceptions\ViewException: Invalid file: "login.php"
[Method: POST, Route: login]
in SYSTEMPATH\Exceptions\FrameworkException.php on line 39.
 1 SYSTEMPATH\View\View.php(214): CodeIgniter\Exceptions\FrameworkException::forInvalidFile('login.php')
 2 SYSTEMPATH\Common.php(1167): CodeIgniter\View\View->render('login', [], true)
 3 APPPATH\Controllers\auth.php(33): view('login', [...])
 4 SYSTEMPATH\CodeIgniter.php(933): App\Controllers\auth->login()
 5 SYSTEMPATH\CodeIgniter.php(507): CodeIgniter\CodeIgniter->runController(Object(App\Controllers\auth))
 6 SYSTEMPATH\CodeIgniter.php(354): CodeIgniter\CodeIgniter->handleRequest(null, Object(Config\Cache), false)
 7 SYSTEMPATH\Boot.php(363): CodeIgniter\CodeIgniter->run()
 8 SYSTEMPATH\Boot.php(68): CodeIgniter\Boot::runCodeIgniter(Object(CodeIgniter\CodeIgniter))
 9 FCPATH\index.php(59): CodeIgniter\Boot::bootWeb(Object(Config\Paths))
ERROR - 2025-11-14 09:41:16 --> mysqli_sql_exception: Table 'users' already exists in C:\xampp\htdocs\ITE311-CASTRO\system\Database\MySQLi\Connection.php:327
Stack trace:
#0 C:\xampp\htdocs\ITE311-CASTRO\system\Database\MySQLi\Connection.php(327): mysqli->query('CREATE TABLE `u...', 0)
#1 C:\xampp\htdocs\ITE311-CASTRO\system\Database\BaseConnection.php(729): CodeIgniter\Database\MySQLi\Connection->execute('CREATE TABLE `u...')
#2 C:\xampp\htdocs\ITE311-CASTRO\system\Database\BaseConnection.php(646): CodeIgniter\Database\BaseConnection->simpleQuery('CREATE TABLE `u...')
#3 C:\xampp\htdocs\ITE311-CASTRO\system\Database\Forge.php(570): CodeIgniter\Database\BaseConnection->query('CREATE TABLE `u...')
#4 C:\xampp\htdocs\ITE311-CASTRO\app\Database\Migrations\2025-11-14-094001_NewUsersTable.php(22): CodeIgniter\Database\Forge->createTable('users')
#5 C:\xampp\htdocs\ITE311-CASTRO\system\Database\MigrationRunner.php(876): App\Database\Migrations\NewUsersTable->up()
#6 C:\xampp\htdocs\ITE311-CASTRO\system\Database\MigrationRunner.php(182): CodeIgniter\Database\MigrationRunner->migrate('up', Object(stdClass))
#7 C:\xampp\htdocs\ITE311-CASTRO\system\Commands\Database\Migrate.php(85): CodeIgniter\Database\MigrationRunner->latest(NULL)
#8 C:\xampp\htdocs\ITE311-CASTRO\system\CLI\Commands.php(74): CodeIgniter\Commands\Database\Migrate->run(Array)
#9 C:\xampp\htdocs\ITE311-CASTRO\system\CLI\Console.php(47): CodeIgniter\CLI\Commands->run('migrate', Array)
#10 C:\xampp\htdocs\ITE311-CASTRO\system\Boot.php(388): CodeIgniter\CLI\Console->run()
#11 C:\xampp\htdocs\ITE311-CASTRO\system\Boot.php(133): CodeIgniter\Boot::runCommand(Object(CodeIgniter\CLI\Console))
#12 C:\xampp\htdocs\ITE311-CASTRO\spark(87): CodeIgniter\Boot::bootSpark(Object(Config\Paths))
#13 {main}
ERROR - 2025-11-14 09:46:05 --> mysqli_sql_exception: Can't create table `lms_castro`.`courses` (errno: 150 "Foreign key constraint is incorrectly formed") in C:\xampp\htdocs\ITE311-CASTRO\system\Database\MySQLi\Connection.php:327
Stack trace:
#0 C:\xampp\htdocs\ITE311-CASTRO\system\Database\MySQLi\Connection.php(327): mysqli->query('CREATE TABLE `c...', 0)
#1 C:\xampp\htdocs\ITE311-CASTRO\system\Database\BaseConnection.php(729): CodeIgniter\Database\MySQLi\Connection->execute('CREATE TABLE `c...')
#2 C:\xampp\htdocs\ITE311-CASTRO\system\Database\BaseConnection.php(646): CodeIgniter\Database\BaseConnection->simpleQuery('CREATE TABLE `c...')
#3 C:\xampp\htdocs\ITE311-CASTRO\system\Database\Forge.php(570): CodeIgniter\Database\BaseConnection->query('CREATE TABLE `c...')
#4 C:\xampp\htdocs\ITE311-CASTRO\app\Database\Migrations\2025-09-11-012039_CreateCoursesTable.php(21): CodeIgniter\Database\Forge->createTable('courses')
#5 C:\xampp\htdocs\ITE311-CASTRO\system\Database\MigrationRunner.php(876): App\Database\Migrations\CreateCoursesTable->up()
#6 C:\xampp\htdocs\ITE311-CASTRO\system\Database\MigrationRunner.php(182): CodeIgniter\Database\MigrationRunner->migrate('up', Object(stdClass))
#7 C:\xampp\htdocs\ITE311-CASTRO\system\Commands\Database\Migrate.php(85): CodeIgniter\Database\MigrationRunner->latest(NULL)
#8 C:\xampp\htdocs\ITE311-CASTRO\system\CLI\Commands.php(74): CodeIgniter\Commands\Database\Migrate->run(Array)
#9 C:\xampp\htdocs\ITE311-CASTRO\system\CLI\Console.php(47): CodeIgniter\CLI\Commands->run('migrate', Array)
#10 C:\xampp\htdocs\ITE311-CASTRO\system\Boot.php(388): CodeIgniter\CLI\Console->run()
#11 C:\xampp\htdocs\ITE311-CASTRO\system\Boot.php(133): CodeIgniter\Boot::runCommand(Object(CodeIgniter\CLI\Console))
#12 C:\xampp\htdocs\ITE311-CASTRO\spark(87): CodeIgniter\Boot::bootSpark(Object(Config\Paths))
#13 {main}
CRITICAL - 2025-11-14 12:22:01 --> CodeIgniter\View\Exceptions\ViewException: Invalid file: "admin/users/index.php"
[Method: GET, Route: users]
in SYSTEMPATH\Exceptions\FrameworkException.php on line 39.
 1 SYSTEMPATH\View\View.php(214): CodeIgniter\Exceptions\FrameworkException::forInvalidFile('admin/users/index.php')
 2 SYSTEMPATH\Common.php(1167): CodeIgniter\View\View->render('admin/users/index', [], true)
 3 APPPATH\Controllers\UserController.php(20): view('admin/users/index', [...])
 4 SYSTEMPATH\CodeIgniter.php(933): App\Controllers\UserController->index()
 5 SYSTEMPATH\CodeIgniter.php(507): CodeIgniter\CodeIgniter->runController(Object(App\Controllers\UserController))
 6 SYSTEMPATH\CodeIgniter.php(354): CodeIgniter\CodeIgniter->handleRequest(null, Object(Config\Cache), false)
 7 SYSTEMPATH\Boot.php(363): CodeIgniter\CodeIgniter->run()
 8 SYSTEMPATH\Boot.php(68): CodeIgniter\Boot::runCodeIgniter(Object(CodeIgniter\CodeIgniter))
 9 FCPATH\index.php(59): CodeIgniter\Boot::bootWeb(Object(Config\Paths))
CRITICAL - 2025-11-14 12:22:49 --> ErrorException: Undefined property: CodeIgniter\View\View::$request
[Method: GET, Route: users]
in APPPATH\Views\admin\userManagement.php on line 11.
 1 APPPATH\Views\admin\userManagement.php(11): CodeIgniter\Debug\Exceptions->errorHandler(2, 'Undefined property: CodeIgniter\\View\\View::$request', 'C:\\xampp\\htdocs\\ITE311-CASTRO\\app\\Views\\admin\\userManagement.php', 11)
 2 SYSTEMPATH\View\View.php(226): include('C:\\xampp\\htdocs\\ITE311-CASTRO\\app\\Views\\admin\\userManagement.php')
 3 SYSTEMPATH\View\View.php(229): CodeIgniter\View\View->CodeIgniter\View\{closure}()
 4 SYSTEMPATH\Common.php(1167): CodeIgniter\View\View->render('admin/userManagement', [], true)
 5 APPPATH\Controllers\UserController.php(20): view('admin/userManagement', [...])
 6 SYSTEMPATH\CodeIgniter.php(933): App\Controllers\UserController->index()
 7 SYSTEMPATH\CodeIgniter.php(507): CodeIgniter\CodeIgniter->runController(Object(App\Controllers\UserController))
 8 SYSTEMPATH\CodeIgniter.php(354): CodeIgniter\CodeIgniter->handleRequest(null, Object(Config\Cache), false)
 9 SYSTEMPATH\Boot.php(363): CodeIgniter\CodeIgniter->run()
10 SYSTEMPATH\Boot.php(68): CodeIgniter\Boot::runCodeIgniter(Object(CodeIgniter\CodeIgniter))
11 FCPATH\index.php(59): CodeIgniter\Boot::bootWeb(Object(Config\Paths))
CRITICAL - 2025-11-14 12:22:54 --> ErrorException: Undefined property: CodeIgniter\View\View::$request
[Method: GET, Route: users]
in APPPATH\Views\admin\userManagement.php on line 11.
 1 APPPATH\Views\admin\userManagement.php(11): CodeIgniter\Debug\Exceptions->errorHandler(2, 'Undefined property: CodeIgniter\\View\\View::$request', 'C:\\xampp\\htdocs\\ITE311-CASTRO\\app\\Views\\admin\\userManagement.php', 11)
 2 SYSTEMPATH\View\View.php(226): include('C:\\xampp\\htdocs\\ITE311-CASTRO\\app\\Views\\admin\\userManagement.php')
 3 SYSTEMPATH\View\View.php(229): CodeIgniter\View\View->CodeIgniter\View\{closure}()
 4 SYSTEMPATH\Common.php(1167): CodeIgniter\View\View->render('admin/userManagement', [], true)
 5 APPPATH\Controllers\UserController.php(20): view('admin/userManagement', [...])
 6 SYSTEMPATH\CodeIgniter.php(933): App\Controllers\UserController->index()
 7 SYSTEMPATH\CodeIgniter.php(507): CodeIgniter\CodeIgniter->runController(Object(App\Controllers\UserController))
 8 SYSTEMPATH\CodeIgniter.php(354): CodeIgniter\CodeIgniter->handleRequest(null, Object(Config\Cache), false)
 9 SYSTEMPATH\Boot.php(363): CodeIgniter\CodeIgniter->run()
10 SYSTEMPATH\Boot.php(68): CodeIgniter\Boot::runCodeIgniter(Object(CodeIgniter\CodeIgniter))
11 FCPATH\index.php(59): CodeIgniter\Boot::bootWeb(Object(Config\Paths))
